This is pdfTeX, Version 3.14159265-2.6-1.40.19 (TeX Live 2018) (preloaded format=pdflatex 2022.1.11)  20 APR 2022 19:32
entering extended mode
 restricted \write18 enabled.
 file:line:error style messages enabled.
 %&-line parsing enabled.
**/run/media/nickclare/store/dev/tex/texman/src/templates/doc.tera.tex
(/run/media/nickclare/store/dev/tex/texman/src/templates/doc.tera.tex
LaTeX2e <2018-04-01> patch level 2
Babel <3.18> and hyphenation patterns for 84 language(s) loaded.
)
Runaway argument?
{\usepackage {import} \import {{ '{' ~ workspace_root ~ '}' ~ '{' ~ p\ETC.
! File ended while scanning use of \@fileswith@ptions.
<inserted text> 
                \par 
<*> ...e/dev/tex/texman/src/templates/doc.tera.tex
                                                  
I suspect you have forgotten a `}', causing me
to read past where you wanted me to stop.
I'll try to recover; but if the error is serious,
you'd better type `E' or `X' now and fix your file.

! Emergency stop.
<*> ...e/dev/tex/texman/src/templates/doc.tera.tex
                                                  
*** (job aborted, no legal \end found)

 
Here is how much of TeX's memory you used:
 7 strings out of 492649
 359 string characters out of 6118255
 56400 words of memory out of 5000000
 3989 multiletter control sequences out of 15000+600000
 3640 words of font info for 14 fonts, out of 8000000 for 9000
 1141 hyphenation exceptions out of 8191
 5i,0n,3p,233b,8s stack positions out of 5000i,500n,10000p,200000b,80000s
!  ==> Fatal error occurred, no output PDF file produced!
